<?xml version="1.0" encoding="UTF-8"?>
<!-- Generated by org.testng.reporters.JUnitXMLReporter -->
<testsuite ignored="0" hostname="DESKTOP-ADRDOUL" failures="0" tests="6" name="Default test" time="11.429" errors="0" timestamp="2024-07-26T13:54:42 IST">
  <testcase classname="api.test.DataDrivenTest" name="testPostuser" time="3.405"/>
  <testcase classname="api.test.DataDrivenTest" name="testPostuser" time="1.585"/>
  <testcase classname="api.test.DataDrivenTest" name="testPostuser" time="1.239"/>
  <testcase classname="api.test.DataDrivenTest" name="testDeleteUserByName" time="1.267"/>
  <testcase classname="api.test.DataDrivenTest" name="testDeleteUserByName" time="1.221"/>
  <testcase classname="api.test.DataDrivenTest" name="testDeleteUserByName" time="1.203"/>
</testsuite> <!-- Default test -->
