<?xml version="1.0" encoding="UTF-8"?>
<testng-results ignored="0" total="4" passed="4" failed="0" skipped="0">
  <reporter-output>
  </reporter-output>
  <suite started-at="2024-07-28T20:06:27 IST" name="PetSuite" finished-at="2024-07-28T20:06:36 IST" duration-ms="8522">
    <groups>
    </groups>
    <test started-at="2024-07-28T20:06:27 IST" name="PetTest" finished-at="2024-07-28T20:06:36 IST" duration-ms="8522">
      <class name="api.test.userTests2">
        <test-method is-config="true" signature="setupData()[pri:0, instance:api.test.userTests2@5876a9af]" started-at="2024-07-28T20:06:27 IST" name="setupData" finished-at="2024-07-28T20:06:28 IST" duration-ms="749" status="PASS">
          <reporter-output>
          </reporter-output>
        </test-method> <!-- setupData -->
        <test-method signature="testPostUser()[pri:1, instance:api.test.userTests2@5876a9af]" started-at="2024-07-28T20:06:28 IST" name="testPostUser" finished-at="2024-07-28T20:06:31 IST" duration-ms="2997" status="PASS">
          <reporter-output>
          </reporter-output>
        </test-method> <!-- testPostUser -->
        <test-method signature="testGetUserByName()[pri:2, instance:api.test.userTests2@5876a9af]" started-at="2024-07-28T20:06:31 IST" name="testGetUserByName" finished-at="2024-07-28T20:06:32 IST" duration-ms="1144" status="PASS">
          <reporter-output>
          </reporter-output>
        </test-method> <!-- testGetUserByName -->
        <test-method signature="testUpdateUserByName()[pri:3, instance:api.test.userTests2@5876a9af]" started-at="2024-07-28T20:06:32 IST" name="testUpdateUserByName" finished-at="2024-07-28T20:06:35 IST" duration-ms="2238" status="PASS">
          <reporter-output>
          </reporter-output>
        </test-method> <!-- testUpdateUserByName -->
        <test-method signature="testDeleteUserByName()[pri:4, instance:api.test.userTests2@5876a9af]" started-at="2024-07-28T20:06:35 IST" name="testDeleteUserByName" finished-at="2024-07-28T20:06:36 IST" duration-ms="1111" status="PASS">
          <reporter-output>
          </reporter-output>
        </test-method> <!-- testDeleteUserByName -->
      </class> <!-- api.test.userTests2 -->
    </test> <!-- PetTest -->
  </suite> <!-- PetSuite -->
</testng-results>
