<?xml version="1.0" encoding="UTF-8"?>
<testng-results ignored="0" total="4" passed="4" failed="0" skipped="0">
  <reporter-output>
  </reporter-output>
  <suite started-at="2024-07-28T12:22:36 IST" name="PetSuite" finished-at="2024-07-28T12:22:45 IST" duration-ms="8795">
    <groups>
    </groups>
    <test started-at="2024-07-28T12:22:36 IST" name="PetTest" finished-at="2024-07-28T12:22:45 IST" duration-ms="8795">
      <class name="api.test.userTests2">
        <test-method is-config="true" signature="setupData()[pri:0, instance:api.test.userTests2@5876a9af]" started-at="2024-07-28T12:22:37 IST" name="setupData" finished-at="2024-07-28T12:22:37 IST" duration-ms="736" status="PASS">
          <reporter-output>
          </reporter-output>
        </test-method> <!-- setupData -->
        <test-method signature="testPostUser()[pri:1, instance:api.test.userTests2@5876a9af]" started-at="2024-07-28T12:22:37 IST" name="testPostUser" finished-at="2024-07-28T12:22:40 IST" duration-ms="3152" status="PASS">
          <reporter-output>
          </reporter-output>
        </test-method> <!-- testPostUser -->
        <test-method signature="testGetUserByName()[pri:2, instance:api.test.userTests2@5876a9af]" started-at="2024-07-28T12:22:40 IST" name="testGetUserByName" finished-at="2024-07-28T12:22:42 IST" duration-ms="1235" status="PASS">
          <reporter-output>
          </reporter-output>
        </test-method> <!-- testGetUserByName -->
        <test-method signature="testUpdateUserByName()[pri:3, instance:api.test.userTests2@5876a9af]" started-at="2024-07-28T12:22:42 IST" name="testUpdateUserByName" finished-at="2024-07-28T12:22:44 IST" duration-ms="2234" status="PASS">
          <reporter-output>
          </reporter-output>
        </test-method> <!-- testUpdateUserByName -->
        <test-method signature="testDeleteUserByName()[pri:4, instance:api.test.userTests2@5876a9af]" started-at="2024-07-28T12:22:44 IST" name="testDeleteUserByName" finished-at="2024-07-28T12:22:45 IST" duration-ms="1170" status="PASS">
          <reporter-output>
          </reporter-output>
        </test-method> <!-- testDeleteUserByName -->
      </class> <!-- api.test.userTests2 -->
    </test> <!-- PetTest -->
  </suite> <!-- PetSuite -->
</testng-results>
