<?xml version="1.0" encoding="UTF-8"?>
<testng-results ignored="0" total="4" passed="4" failed="0" skipped="0">
  <reporter-output>
  </reporter-output>
  <suite started-at="2024-07-27T12:04:37 IST" name="PetSuite" finished-at="2024-07-27T12:04:46 IST" duration-ms="8925">
    <groups>
    </groups>
    <test started-at="2024-07-27T12:04:37 IST" name="PetTest" finished-at="2024-07-27T12:04:46 IST" duration-ms="8925">
      <class name="api.test.userTests2">
        <test-method is-config="true" signature="setupData()[pri:0, instance:api.test.userTests2@38425407]" started-at="2024-07-27T12:04:37 IST" name="setupData" finished-at="2024-07-27T12:04:38 IST" duration-ms="848" status="PASS">
          <reporter-output>
          </reporter-output>
        </test-method> <!-- setupData -->
        <test-method signature="testPostUser()[pri:1, instance:api.test.userTests2@38425407]" started-at="2024-07-27T12:04:38 IST" name="testPostUser" finished-at="2024-07-27T12:04:41 IST" duration-ms="3229" status="PASS">
          <reporter-output>
          </reporter-output>
        </test-method> <!-- testPostUser -->
        <test-method signature="testGetUserByName()[pri:2, instance:api.test.userTests2@38425407]" started-at="2024-07-27T12:04:41 IST" name="testGetUserByName" finished-at="2024-07-27T12:04:43 IST" duration-ms="1199" status="PASS">
          <reporter-output>
          </reporter-output>
        </test-method> <!-- testGetUserByName -->
        <test-method signature="testUpdateUserByName()[pri:3, instance:api.test.userTests2@38425407]" started-at="2024-07-27T12:04:43 IST" name="testUpdateUserByName" finished-at="2024-07-27T12:04:45 IST" duration-ms="2226" status="PASS">
          <reporter-output>
          </reporter-output>
        </test-method> <!-- testUpdateUserByName -->
        <test-method signature="testDeleteUserByName()[pri:4, instance:api.test.userTests2@38425407]" started-at="2024-07-27T12:04:45 IST" name="testDeleteUserByName" finished-at="2024-07-27T12:04:46 IST" duration-ms="1089" status="PASS">
          <reporter-output>
          </reporter-output>
        </test-method> <!-- testDeleteUserByName -->
      </class> <!-- api.test.userTests2 -->
    </test> <!-- PetTest -->
  </suite> <!-- PetSuite -->
</testng-results>
