<?xml version="1.0" encoding="UTF-8"?>
<!-- Generated by org.testng.reporters.JUnitXMLReporter -->
<testsuite ignored="0" hostname="DESKTOP-ADRDOUL" failures="0" tests="4" name="PetTest" time="8.522" errors="0" timestamp="2024-07-28T20:06:36 IST">
  <testcase classname="api.test.userTests2" name="testPostUser" time="2.997"/>
  <testcase classname="api.test.userTests2" name="testGetUserByName" time="1.144"/>
  <testcase classname="api.test.userTests2" name="testUpdateUserByName" time="2.238"/>
  <testcase classname="api.test.userTests2" name="testDeleteUserByName" time="1.111"/>
</testsuite> <!-- PetTest -->
