<?xml version="1.0" encoding="UTF-8"?>
<!-- Generated by org.testng.reporters.JUnitXMLReporter -->
<testsuite ignored="0" hostname="DESKTOP-ADRDOUL" failures="0" tests="4" name="PetTest" time="8.795" errors="0" timestamp="2024-07-28T12:22:45 IST">
  <testcase classname="api.test.userTests2" name="testPostUser" time="3.152"/>
  <testcase classname="api.test.userTests2" name="testGetUserByName" time="1.235"/>
  <testcase classname="api.test.userTests2" name="testUpdateUserByName" time="2.234"/>
  <testcase classname="api.test.userTests2" name="testDeleteUserByName" time="1.17"/>
</testsuite> <!-- PetTest -->
