<?xml version="1.0" encoding="UTF-8"?>
<!-- Generated by org.testng.reporters.JUnitXMLReporter -->
<testsuite ignored="0" hostname="DESKTOP-ADRDOUL" failures="0" tests="4" name="PetTest" time="8.925" errors="0" timestamp="2024-07-27T12:04:46 IST">
  <testcase classname="api.test.userTests2" name="testPostUser" time="3.229"/>
  <testcase classname="api.test.userTests2" name="testGetUserByName" time="1.199"/>
  <testcase classname="api.test.userTests2" name="testUpdateUserByName" time="2.226"/>
  <testcase classname="api.test.userTests2" name="testDeleteUserByName" time="1.089"/>
</testsuite> <!-- PetTest -->
